<?xml version="1.0" encoding="UTF-8"?>
<!-- Generated by org.testng.reporters.JUnitReportReporter -->
<testsuite hostname="Anjarul-ThinkPadE15" failures="0" tests="1" name="com.testcases.SecondTest" time="12.995" errors="0" timestamp="2023-07-13T13:38:20 IST" skipped="0">
  <testcase classname="com.testcases.SecondTest" name="testResult" time="12.995"/>
  <system-out/>
</testsuite> <!-- com.testcases.SecondTest -->
