<?xml version="1.0" encoding="UTF-8"?>
<!-- Generated by org.testng.reporters.JUnitReportReporter -->
<testsuite hostname="Anjarul-ThinkPadE15" failures="0" tests="1" name="com.testcases.LoginPageTest" time="22.287" errors="0" timestamp="2023-07-04T20:16:44 IST" skipped="0">
  <testcase classname="com.testcases.LoginPageTest" name="testResult" time="22.287"/>
  <system-out/>
</testsuite> <!-- com.testcases.LoginPageTest -->
